<?xml version="1.0" encoding="UTF-8"?>
<!-- Generated by org.testng.reporters.JUnitReportReporter -->
<testsuite hostname="NODE147" name="seleniumpackage.Assignmnent" tests="1" failures="0" timestamp="29 Oct 2014 06:26:59 GMT" time="0.246" errors="0">
  <testcase name="excelFetch" time="0.246" classname="seleniumpackage.Assignmnent"/>
</testsuite> <!-- seleniumpackage.Assignmnent -->
